<?xml version="1.0" encoding="UTF-8"?>
<!-- Generated by org.testng.reporters.JUnitXMLReporter -->
<testsuite ignored="0" hostname="DESKTOP-QCVUE6B" failures="0" tests="4" name="Default test" time="20.017" errors="0" timestamp="2024-07-14T23:04:51 IST">
  <testcase classname="test.Test_AdminScenario2" name="verifyAdmin" time="1.039"/>
  <testcase classname="test.Test_AdminScenario2" name="searchByUsername" time="1.915"/>
  <testcase classname="test.Test_AdminScenario2" name="searchByUserRole" time="2.039"/>
  <testcase classname="test.Test_AdminScenario2" name="searchByStatus" time="1.591"/>
</testsuite> <!-- Default test -->
