<?xml version="1.0" encoding="UTF-8"?>
<!-- Generated by org.testng.reporters.JUnitXMLReporter -->
<testsuite ignored="0" hostname="DESKTOP-QCVUE6B" failures="0" tests="4" name="Admin Test" time="19.976" errors="0" timestamp="2024-07-13T18:17:39 IST">
  <testcase classname="test.Test_AdminScenario2" name="verifyAdmin" time="1.025"/>
  <testcase classname="test.Test_AdminScenario2" name="searchByUsername" time="2.016"/>
  <testcase classname="test.Test_AdminScenario2" name="searchByUserRole" time="2.049"/>
  <testcase classname="test.Test_AdminScenario2" name="searchByStatus" time="1.468"/>
</testsuite> <!-- Admin Test -->
