<?xml version="1.0" encoding="UTF-8"?>
<!-- Generated by org.testng.reporters.JUnitXMLReporter -->
<testsuite ignored="0" hostname="DESKTOP-QCVUE6B" failures="4" tests="5" name="FirefoxTest" time="27.047" errors="0" timestamp="2024-07-13T17:46:12 IST">
  <testcase classname="test.Test_LoginScenario1" name="verifyUserCanLogin" time="2.93">
    <failure type="java.lang.AssertionError" message="Login Fail expected [true] but found [false]">
      <![CDATA[java.lang.AssertionError: Login Fail expected [true] but found [false]
at pages.LoginPage.verifyLoginwithCredentials(LoginPage.java:44)
at test.Test_LoginScenario1.verifyUserCanLogin(Test_LoginScenario1.java:55)
at java.base/java.util.ArrayList.forEach(ArrayList.java:1597)
... Removed 28 stack frames]]>
    </failure>
  </testcase> <!-- verifyUserCanLogin -->
  <testcase classname="test.Test_LoginScenario1" name="verifyUserCanLogin" time="2.968">
    <failure type="java.lang.AssertionError" message="Login Fail expected [true] but found [false]">
      <![CDATA[java.lang.AssertionError: Login Fail expected [true] but found [false]
at pages.LoginPage.verifyLoginwithCredentials(LoginPage.java:44)
at test.Test_LoginScenario1.verifyUserCanLogin(Test_LoginScenario1.java:55)
at java.base/java.util.ArrayList.forEach(ArrayList.java:1597)
... Removed 28 stack frames]]>
    </failure>
  </testcase> <!-- verifyUserCanLogin -->
  <testcase classname="test.Test_LoginScenario1" name="verifyUserCanLogin" time="2.89">
    <failure type="java.lang.AssertionError" message="Login Fail expected [true] but found [false]">
      <![CDATA[java.lang.AssertionError: Login Fail expected [true] but found [false]
at pages.LoginPage.verifyLoginwithCredentials(LoginPage.java:44)
at test.Test_LoginScenario1.verifyUserCanLogin(Test_LoginScenario1.java:55)
at java.base/java.util.ArrayList.forEach(ArrayList.java:1597)
... Removed 28 stack frames]]>
    </failure>
  </testcase> <!-- verifyUserCanLogin -->
  <testcase classname="test.Test_LoginScenario1" name="verifyUserCanLogin" time="3.471">
    <failure type="java.lang.AssertionError" message="Login Fail expected [true] but found [false]">
      <![CDATA[java.lang.AssertionError: Login Fail expected [true] but found [false]
at pages.LoginPage.verifyLoginwithCredentials(LoginPage.java:44)
at test.Test_LoginScenario1.verifyUserCanLogin(Test_LoginScenario1.java:55)
at java.base/java.util.ArrayList.forEach(ArrayList.java:1597)
... Removed 28 stack frames]]>
    </failure>
  </testcase> <!-- verifyUserCanLogin -->
  <testcase classname="test.Test_LoginScenario1" name="verifyUserCanLogin" time="3.295"/>
</testsuite> <!-- FirefoxTest -->
