<?xml version="1.0" encoding="UTF-8"?>
<testng-results ignored="0" total="4" passed="4" failed="0" skipped="0">
  <reporter-output>
  </reporter-output>
  <suite started-at="2024-07-14T23:04:31 IST" name="Default suite" finished-at="2024-07-14T23:04:51 IST" duration-ms="20017">
    <groups>
    </groups>
    <test started-at="2024-07-14T23:04:31 IST" name="Default test" finished-at="2024-07-14T23:04:51 IST" duration-ms="20017">
      <class name="test.Test_AdminScenario2">
        <test-method is-config="true" signature="beforeClass(java.lang.String)[pri:0, instance:test.Test_AdminScenario2@6069db50]" started-at="2024-07-14T23:04:31 IST" name="beforeClass" finished-at="2024-07-14T23:04:43 IST" duration-ms="12849" status="PASS">
          <params>
            <param index="0">
              <value>
                <![CDATA[browser]]>
              </value>
            </param>
          </params>
          <reporter-output>
          </reporter-output>
        </test-method> <!-- beforeClass -->
        <test-method signature="verifyAdmin()[pri:1, instance:test.Test_AdminScenario2@6069db50]" started-at="2024-07-14T23:04:43 IST" name="verifyAdmin" finished-at="2024-07-14T23:04:44 IST" duration-ms="1039" status="PASS">
          <reporter-output>
          </reporter-output>
        </test-method> <!-- verifyAdmin -->
        <test-method is-config="true" signature="extendReport(org.testng.ITestResult)[pri:0, instance:test.Test_AdminScenario2@6069db50]" started-at="2024-07-14T23:04:44 IST" name="extendReport" finished-at="2024-07-14T23:04:44 IST" duration-ms="7" status="PASS">
          <params>
            <param index="0">
              <value>
                <![CDATA[[TestResult name=verifyAdmin status=SUCCESS method=Test_AdminScenario2.verifyAdmin()[pri:1, instance:test.Test_AdminScenario2@6069db50] output={null}]]]>
              </value>
            </param>
          </params>
          <reporter-output>
          </reporter-output>
        </test-method> <!-- extendReport -->
        <test-method signature="searchByUsername()[pri:2, instance:test.Test_AdminScenario2@6069db50]" started-at="2024-07-14T23:04:44 IST" name="searchByUsername" finished-at="2024-07-14T23:04:46 IST" duration-ms="1915" status="PASS">
          <reporter-output>
          </reporter-output>
        </test-method> <!-- searchByUsername -->
        <test-method is-config="true" signature="extendReport(org.testng.ITestResult)[pri:0, instance:test.Test_AdminScenario2@6069db50]" started-at="2024-07-14T23:04:46 IST" name="extendReport" finished-at="2024-07-14T23:04:46 IST" duration-ms="0" status="PASS">
          <params>
            <param index="0">
              <value>
                <![CDATA[[TestResult name=searchByUsername status=SUCCESS method=Test_AdminScenario2.searchByUsername()[pri:2, instance:test.Test_AdminScenario2@6069db50] output={null}]]]>
              </value>
            </param>
          </params>
          <reporter-output>
          </reporter-output>
        </test-method> <!-- extendReport -->
        <test-method signature="searchByUserRole()[pri:3, instance:test.Test_AdminScenario2@6069db50]" started-at="2024-07-14T23:04:46 IST" name="searchByUserRole" finished-at="2024-07-14T23:04:48 IST" duration-ms="2039" status="PASS">
          <reporter-output>
          </reporter-output>
        </test-method> <!-- searchByUserRole -->
        <test-method is-config="true" signature="extendReport(org.testng.ITestResult)[pri:0, instance:test.Test_AdminScenario2@6069db50]" started-at="2024-07-14T23:04:48 IST" name="extendReport" finished-at="2024-07-14T23:04:48 IST" duration-ms="1" status="PASS">
          <params>
            <param index="0">
              <value>
                <![CDATA[[TestResult name=searchByUserRole status=SUCCESS method=Test_AdminScenario2.searchByUserRole()[pri:3, instance:test.Test_AdminScenario2@6069db50] output={null}]]]>
              </value>
            </param>
          </params>
          <reporter-output>
          </reporter-output>
        </test-method> <!-- extendReport -->
        <test-method signature="searchByStatus()[pri:4, instance:test.Test_AdminScenario2@6069db50]" started-at="2024-07-14T23:04:48 IST" name="searchByStatus" finished-at="2024-07-14T23:04:50 IST" duration-ms="1591" status="PASS">
          <reporter-output>
          </reporter-output>
        </test-method> <!-- searchByStatus -->
        <test-method is-config="true" signature="extendReport(org.testng.ITestResult)[pri:0, instance:test.Test_AdminScenario2@6069db50]" started-at="2024-07-14T23:04:50 IST" name="extendReport" finished-at="2024-07-14T23:04:50 IST" duration-ms="0" status="PASS">
          <params>
            <param index="0">
              <value>
                <![CDATA[[TestResult name=searchByStatus status=SUCCESS method=Test_AdminScenario2.searchByStatus()[pri:4, instance:test.Test_AdminScenario2@6069db50] output={null}]]]>
              </value>
            </param>
          </params>
          <reporter-output>
          </reporter-output>
        </test-method> <!-- extendReport -->
        <test-method is-config="true" signature="afterClass()[pri:0, instance:test.Test_AdminScenario2@6069db50]" started-at="2024-07-14T23:04:50 IST" name="afterClass" finished-at="2024-07-14T23:04:51 IST" duration-ms="520" status="PASS">
          <reporter-output>
          </reporter-output>
        </test-method> <!-- afterClass -->
      </class> <!-- test.Test_AdminScenario2 -->
    </test> <!-- Default test -->
  </suite> <!-- Default suite -->
</testng-results>
